<?xml version="1.0" encoding="UTF-8"?>
<!-- Generated by org.testng.reporters.JUnitReportReporter -->
<testsuite hostname="DESKTOP-9Q828V5" failures="0" tests="1" name="com.zafin.interviewselenium.AppTest" time="0.001" errors="0" timestamp="2024-02-25T17:06:23 EST" skipped="0">
  <testcase classname="com.zafin.interviewselenium.AppTest" name="testApp" time="0.001"/>
  <system-out/>
</testsuite> <!-- com.zafin.interviewselenium.AppTest -->
