<?xml version="1.0" encoding="UTF-8"?>
<!-- Generated by org.testng.reporters.JUnitReportReporter -->
<testsuite hostname="DESKTOP-9Q828V5" failures="0" tests="1" name="tests.CheckoutStepTwo" time="2.943" errors="0" timestamp="2024-02-25T18:40:16 EST" skipped="0">
  <testcase classname="tests.CheckoutStepTwo" name="checkIfPriceAndPaymentMatchesExpectedValueAfterCheckout" time="2.943"/>
  <system-out/>
</testsuite> <!-- tests.CheckoutStepTwo -->
