<?xml version="1.0" encoding="UTF-8"?>
<!-- Generated by org.testng.reporters.JUnitReportReporter -->
<testsuite hostname="DESKTOP-9Q828V5" failures="0" tests="10" name="tests.LoginTest" time="37.256" errors="0" timestamp="2024-02-25T22:44:28 EST" skipped="0">
  <testcase classname="tests.LoginTest" name="testSuccessfulLogin" time="4.147"/>
  <system-out/>
  <testcase classname="tests.LoginTest" name="testSuccessfulLogin" time="2.250"/>
  <system-out/>
  <testcase classname="tests.LoginTest" name="testLoginWithInvalidCredentials" time="7.635"/>
  <system-out/>
  <testcase classname="tests.LoginTest" name="testSuccessfulLogin" time="4.068"/>
  <system-out/>
  <testcase classname="tests.LoginTest" name="testLoginWithInvalidCredentials" time="1.933"/>
  <system-out/>
  <testcase classname="tests.LoginTest" name="testSuccessfulLogin" time="1.608"/>
  <system-out/>
  <testcase classname="tests.LoginTest" name="testLoginWithInvalidCredentials" time="1.783"/>
  <system-out/>
  <testcase classname="tests.LoginTest" name="testLoginWithInvalidCredentials" time="1.655"/>
  <system-out/>
  <testcase classname="tests.LoginTest" name="testSuccessfulLogin" time="6.867"/>
  <system-out/>
  <testcase classname="tests.LoginTest" name="testSuccessfulLogin" time="5.310"/>
  <system-out/>
</testsuite> <!-- tests.LoginTest -->
