<?xml version="1.0" encoding="UTF-8"?>
<!-- Generated by org.testng.reporters.JUnitReportReporter -->
<testsuite hostname="DESKTOP-9Q828V5" failures="0" tests="1" name="com.zafin.interviewselenium.SampleTest" time="2.336" errors="0" timestamp="2024-02-25T22:20:31 EST" skipped="0">
  <testcase classname="com.zafin.interviewselenium.SampleTest" name="enterDetails" time="2.336"/>
  <system-out/>
</testsuite> <!-- com.zafin.interviewselenium.SampleTest -->
