<?xml version="1.0" encoding="UTF-8"?>
<!-- Generated by org.testng.reporters.JUnitReportReporter -->
<testsuite hostname="DESKTOP-9Q828V5" failures="0" tests="4" name="tests.CheckoutStepOne" time="11.177" errors="0" timestamp="2024-02-25T18:40:16 EST" skipped="0">
  <testcase classname="tests.CheckoutStepOne" name="validateFieldsInCheckoutPageStepOne" time="2.657"/>
  <system-out/>
  <testcase classname="tests.CheckoutStepOne" name="checkoutInformationSuccessful" time="2.891"/>
  <system-out/>
  <testcase classname="tests.CheckoutStepOne" name="validateFieldsInCheckoutPageStepOne" time="2.862"/>
  <system-out/>
  <testcase classname="tests.CheckoutStepOne" name="validateFieldsInCheckoutPageStepOne" time="2.767"/>
  <system-out/>
</testsuite> <!-- tests.CheckoutStepOne -->
