<?xml version="1.0" encoding="UTF-8"?>
<!-- Generated by org.testng.reporters.JUnitReportReporter -->
<testsuite hostname="DESKTOP-9Q828V5" failures="0" tests="3" name="tests.Inventory" time="9.852" errors="0" timestamp="2024-02-25T21:24:02 EST" skipped="0">
  <testcase classname="tests.Inventory" name="testSortByPriceLowToHigh" time="2.663"/>
  <system-out/>
  <testcase classname="tests.Inventory" name="testIfUserIsRedirectedToInventoryPage" time="2.400"/>
  <system-out/>
  <testcase classname="tests.Inventory" name="testIfBothItemsAreAddedToCart" time="4.789"/>
  <system-out/>
</testsuite> <!-- tests.Inventory -->
