<?xml version="1.0" encoding="UTF-8"?>
<!-- Generated by org.testng.reporters.JUnitReportReporter -->
<testsuite hostname="DESKTOP-9Q828V5" failures="0" tests="10" name="tests.Login" time="28.982" errors="0" timestamp="2024-02-25T21:22:42 EST" skipped="0">
  <testcase classname="tests.Login" name="testLoginWithInvalidCredentials" time="2.566"/>
  <system-out/>
  <testcase classname="tests.Login" name="testSuccessfulLogin" time="2.443"/>
  <system-out/>
  <testcase classname="tests.Login" name="testLoginWithInvalidCredentials" time="1.903"/>
  <system-out/>
  <testcase classname="tests.Login" name="testSuccessfulLogin" time="2.943"/>
  <system-out/>
  <testcase classname="tests.Login" name="testSuccessfulLogin" time="7.659"/>
  <system-out/>
  <testcase classname="tests.Login" name="testLoginWithInvalidCredentials" time="2.509"/>
  <system-out/>
  <testcase classname="tests.Login" name="testSuccessfulLogin" time="2.047"/>
  <system-out/>
  <testcase classname="tests.Login" name="testLoginWithInvalidCredentials" time="2.869"/>
  <system-out/>
  <testcase classname="tests.Login" name="testSuccessfulLogin" time="1.992"/>
  <system-out/>
  <testcase classname="tests.Login" name="testSuccessfulLogin" time="2.051"/>
  <system-out/>
</testsuite> <!-- tests.Login -->
