<?xml version="1.0" encoding="UTF-8"?>
<!-- Generated by org.testng.reporters.JUnitReportReporter -->
<testsuite hostname="DESKTOP-9Q828V5" failures="0" tests="4" name="tests.CheckoutStepOneTest" time="11.363" errors="0" timestamp="2024-02-25T22:44:28 EST" skipped="0">
  <testcase classname="tests.CheckoutStepOneTest" name="checkoutInformationSuccessful" time="2.916"/>
  <system-out/>
  <testcase classname="tests.CheckoutStepOneTest" name="validateFieldsInCheckoutPageStepOne" time="2.840"/>
  <system-out/>
  <testcase classname="tests.CheckoutStepOneTest" name="validateFieldsInCheckoutPageStepOne" time="2.813"/>
  <system-out/>
  <testcase classname="tests.CheckoutStepOneTest" name="validateFieldsInCheckoutPageStepOne" time="2.794"/>
  <system-out/>
</testsuite> <!-- tests.CheckoutStepOneTest -->
