<?xml version="1.0" encoding="UTF-8"?>
<!-- Generated by org.testng.reporters.JUnitReportReporter -->
<testsuite hostname="DESKTOP-9Q828V5" failures="0" tests="1" name="tests.CartTest" time="2.355" errors="0" timestamp="2024-02-25T22:44:28 EST" skipped="0">
  <testcase classname="tests.CartTest" name="testIfRightProductsAddedToCart" time="2.355"/>
  <system-out/>
</testsuite> <!-- tests.CartTest -->
