<?xml version="1.0" encoding="UTF-8"?>
<!-- Generated by org.testng.reporters.JUnitReportReporter -->
<testsuite hostname="DESKTOP-9Q828V5" failures="0" tests="1" name="com.zafin.interviewselenium.TestClass1" time="0.003" errors="0" timestamp="2024-02-25T10:30:44 EST" skipped="0">
  <testcase classname="com.zafin.interviewselenium.TestClass1" name="testMethod1" time="0.003"/>
  <system-out/>
</testsuite> <!-- com.zafin.interviewselenium.TestClass1 -->
