<?xml version="1.0" encoding="UTF-8"?>
<!-- Generated by org.testng.reporters.JUnitReportReporter -->
<testsuite hostname="DESKTOP-9Q828V5" failures="0" tests="3" name="tests.CheckoutStepTwoTest" time="8.820" errors="0" timestamp="2024-02-25T22:44:28 EST" skipped="0">
  <testcase classname="tests.CheckoutStepTwoTest" name="checkIfUserLogoutAfterPlacingOrder" time="3.142"/>
  <system-out/>
  <testcase classname="tests.CheckoutStepTwoTest" name="checkIfPriceAndPaymentMatchesExpectedValueAfterCheckout" time="2.828"/>
  <system-out/>
  <testcase classname="tests.CheckoutStepTwoTest" name="checkIfOrderPlaced" time="2.850"/>
  <system-out/>
</testsuite> <!-- tests.CheckoutStepTwoTest -->
